2018/08/30 23:29:17 にビルドを開始しました。
     1>ノード 2 上のプロジェクト "C:\Users\USER\documents\visual studio 2012\Projects\Packman3\Packman3\Packman3.vcxproj" (Build ターゲット)。
     1>ClCompile:
         C:\Program Files (x86)\Microsoft Visual Studio 11.0\VC\bin\CL.exe /c /I"C:\Users\USER\Documents\Visual Studio 2012\Projects\Packman3\Packman3\DxLib" /I"C:\Users\USER\documents\visual studio 2012\Projects\Packman3\Packman3\\" /ZI /nologo /W3 /WX- /sdl /Od /Oy- /D WIN32 /D _DEBUG /D _WINDOWS /D _MBCS /Gm /EHsc /RTC1 /MTd /GS /fp:precise /Zc:wchar_t /Zc:forScope /Fo"Debug\\" /Fd"Debug\vc110.pdb" /Gd /TP /analyze- /errorReport:prompt Game\Character.cpp Game\Stage.cpp Game\StaticObject.cpp
         StaticObject.cpp
         Character.cpp
         コードを生成中...
         コンパイル中...
         Stage.cpp
     1>c:\users\user\documents\visual studio 2012\projects\packman3\packman3\game\stage.cpp(98): error C2660: 'Character::set' : 関数に 3 個の引数を指定できません。
     1>c:\users\user\documents\visual studio 2012\projects\packman3\packman3\game\stage.cpp(102): error C2660: 'Character::set' : 関数に 3 個の引数を指定できません。
         コードを生成中...
     1>プロジェクト "C:\Users\USER\documents\visual studio 2012\Projects\Packman3\Packman3\Packman3.vcxproj" (Build ターゲット) のビルドが終了しました -- 失敗。

ビルドに失敗しました。

経過時間 00:00:04.85
